# JRE version: Java(TM) SE Runtime Environment (8.0_65-b17) (build 1.8.0_65-b17)
# Java VM: Java HotSpot(TM) 64-Bit Server VM (25.65-b01 mixed mode windows-amd64 compressed oops)
Heap:
 PSYoungGen      total 43520K, used 35188K [0x00000000d5c00000, 0x00000000d8f00000, 0x0000000100000000)
  eden space 36864K, 94% used [0x00000000d5c00000,0x00000000d7ddd108,0x00000000d8000000)
  from space 6656K, 7% used [0x00000000d8880000,0x00000000d8900000,0x00000000d8f00000)
  to   space 7680K, 0% used [0x00000000d8000000,0x00000000d8000000,0x00000000d8780000)
 ParOldGen       total 87552K, used 38104K [0x0000000081400000, 0x0000000086980000, 0x00000000d5c00000)
  object space 87552K, 43% used [0x0000000081400000,0x0000000083936168,0x0000000086980000)
 Metaspace       used 11247K, capacity 11415K, committed 11776K, reserved 1060864K
  class space    used 1116K, capacity 1186K, committed 1280K, reserved 1048576K
GC Heap History (10 events):
Event: 52.692 GC heap before
{Heap before GC invocations=24 (full 0):
 PSYoungGen      total 41984K, used 41600K [0x00000000d5c00000, 0x00000000d9700000, 0x0000000100000000)
  eden space 40960K, 100% used [0x00000000d5c00000,0x00000000d8400000,0x00000000d8400000)
  from space 1024K, 62% used [0x00000000d8500000,0x00000000d85a0000,0x00000000d8600000)
  to   space 9728K, 0% used [0x00000000d8d80000,0x00000000d8d80000,0x00000000d9700000)
 ParOldGen       total 87552K, used 37968K [0x0000000081400000, 0x0000000086980000, 0x00000000d5c00000)
  object space 87552K, 43% used [0x0000000081400000,0x0000000083914168,0x0000000086980000)
 Metaspace       used 11243K, capacity 11415K, committed 11776K, reserved 1060864K
  class space    used 1116K, capacity 1186K, committed 1280K, reserved 1048576K
Event: 52.695 GC heap after
Heap after GC invocations=24 (full 0):
 PSYoungGen      total 47616K, used 731K [0x00000000d5c00000, 0x00000000d9500000, 0x0000000100000000)
  eden space 39936K, 0% used [0x00000000d5c00000,0x00000000d5c00000,0x00000000d8300000)
  from space 7680K, 9% used [0x00000000d8d80000,0x00000000d8e36fb0,0x00000000d9500000)
  to   space 9216K, 0% used [0x00000000d8300000,0x00000000d8300000,0x00000000d8c00000)
 ParOldGen       total 87552K, used 37992K [0x0000000081400000, 0x0000000086980000, 0x00000000d5c00000)
  object space 87552K, 43% used [0x0000000081400000,0x000000008391a168,0x0000000086980000)
 Metaspace       used 11243K, capacity 11415K, committed 11776K, reserved 1060864K
  class space    used 1116K, capacity 1186K, committed 1280K, reserved 1048576K
}
Event: 54.582 GC heap before
{Heap before GC invocations=25 (full 0):
 PSYoungGen      total 47616K, used 40667K [0x00000000d5c00000, 0x00000000d9500000, 0x0000000100000000)
  eden space 39936K, 100% used [0x00000000d5c00000,0x00000000d8300000,0x00000000d8300000)
  from space 7680K, 9% used [0x00000000d8d80000,0x00000000d8e36fb0,0x00000000d9500000)
  to   space 9216K, 0% used [0x00000000d8300000,0x00000000d8300000,0x00000000d8c00000)
 ParOldGen       total 87552K, used 37992K [0x0000000081400000, 0x0000000086980000, 0x00000000d5c00000)
  object space 87552K, 43% used [0x0000000081400000,0x000000008391a168,0x0000000086980000)
 Metaspace       used 11243K, capacity 11415K, committed 11776K, reserved 1060864K
  class space    used 1116K, capacity 1186K, committed 1280K, reserved 1048576K
Event: 54.584 GC heap after
Heap after GC invocations=25 (full 0):
 PSYoungGen      total 39424K, used 480K [0x00000000d5c00000, 0x00000000d9300000, 0x0000000100000000)
  eden space 38912K, 0% used [0x00000000d5c00000,0x00000000d5c00000,0x00000000d8200000)
  from space 512K, 93% used [0x00000000d8300000,0x00000000d8378000,0x00000000d8380000)
  to   space 8704K, 0% used [0x00000000d8a80000,0x00000000d8a80000,0x00000000d9300000)
 ParOldGen       total 87552K, used 38056K [0x0000000081400000, 0x0000000086980000, 0x00000000d5c00000)
  object space 87552K, 43% used [0x0000000081400000,0x000000008392a168,0x0000000086980000)
 Metaspace       used 11243K, capacity 11415K, committed 11776K, reserved 1060864K
  class space    used 1116K, capacity 1186K, committed 1280K, reserved 1048576K
}
Event: 56.232 GC heap before
{Heap before GC invocations=26 (full 0):
 PSYoungGen      total 39424K, used 39392K [0x00000000d5c00000, 0x00000000d9300000, 0x0000000100000000)
  eden space 38912K, 100% used [0x00000000d5c00000,0x00000000d8200000,0x00000000d8200000)
  from space 512K, 93% used [0x00000000d8300000,0x00000000d8378000,0x00000000d8380000)
  to   space 8704K, 0% used [0x00000000d8a80000,0x00000000d8a80000,0x00000000d9300000)
 ParOldGen       total 87552K, used 38056K [0x0000000081400000, 0x0000000086980000, 0x00000000d5c00000)
  object space 87552K, 43% used [0x0000000081400000,0x000000008392a168,0x0000000086980000)
 Metaspace       used 11243K, capacity 11415K, committed 11776K, reserved 1060864K
  class space    used 1116K, capacity 1186K, committed 1280K, reserved 1048576K
Event: 56.234 GC heap after
Heap after GC invocations=26 (full 0):
 PSYoungGen      total 44544K, used 480K [0x00000000d5c00000, 0x00000000d9100000, 0x0000000100000000)
  eden space 37888K, 0% used [0x00000000d5c00000,0x00000000d5c00000,0x00000000d8100000)
  from space 6656K, 7% used [0x00000000d8a80000,0x00000000d8af8000,0x00000000d9100000)
  to   space 8192K, 0% used [0x00000000d8100000,0x00000000d8100000,0x00000000d8900000)
 ParOldGen       total 87552K, used 38064K [0x0000000081400000, 0x0000000086980000, 0x00000000d5c00000)
  object space 87552K, 43% used [0x0000000081400000,0x000000008392c168,0x0000000086980000)
 Metaspace       used 11243K, capacity 11415K, committed 11776K, reserved 1060864K
  class space    used 1116K, capacity 1186K, committed 1280K, reserved 1048576K
}
Event: 57.810 GC heap before
{Heap before GC invocations=27 (full 0):
 PSYoungGen      total 44544K, used 38368K [0x00000000d5c00000, 0x00000000d9100000, 0x0000000100000000)
  eden space 37888K, 100% used [0x00000000d5c00000,0x00000000d8100000,0x00000000d8100000)
  from space 6656K, 7% used [0x00000000d8a80000,0x00000000d8af8000,0x00000000d9100000)
  to   space 8192K, 0% used [0x00000000d8100000,0x00000000d8100000,0x00000000d8900000)
 ParOldGen       total 87552K, used 38064K [0x0000000081400000, 0x0000000086980000, 0x00000000d5c00000)
  object space 87552K, 43% used [0x0000000081400000,0x000000008392c168,0x0000000086980000)
 Metaspace       used 11243K, capacity 11415K, committed 11776K, reserved 1060864K
  class space    used 1116K, capacity 1186K, committed 1280K, reserved 1048576K
Event: 57.812 GC heap after
Heap after GC invocations=27 (full 0):
 PSYoungGen      total 37888K, used 512K [0x00000000d5c00000, 0x00000000d9080000, 0x0000000100000000)
  eden space 37376K, 0% used [0x00000000d5c00000,0x00000000d5c00000,0x00000000d8080000)
  from space 512K, 100% used [0x00000000d8100000,0x00000000d8180000,0x00000000d8180000)
  to   space 8192K, 0% used [0x00000000d8880000,0x00000000d8880000,0x00000000d9080000)
 ParOldGen       total 87552K, used 38080K [0x0000000081400000, 0x0000000086980000, 0x00000000d5c00000)
  object space 87552K, 43% used [0x0000000081400000,0x0000000083930168,0x0000000086980000)
 Metaspace       used 11243K, capacity 11415K, committed 11776K, reserved 1060864K
  class space    used 1116K, capacity 1186K, committed 1280K, reserved 1048576K
}
Event: 59.441 GC heap before
{Heap before GC invocations=28 (full 0):
 PSYoungGen      total 37888K, used 37888K [0x00000000d5c00000, 0x00000000d9080000, 0x0000000100000000)
  eden space 37376K, 100% used [0x00000000d5c00000,0x00000000d8080000,0x00000000d8080000)
  from space 512K, 100% used [0x00000000d8100000,0x00000000d8180000,0x00000000d8180000)
  to   space 8192K, 0% used [0x00000000d8880000,0x00000000d8880000,0x00000000d9080000)
 ParOldGen       total 87552K, used 38080K [0x0000000081400000, 0x0000000086980000, 0x00000000d5c00000)
  object space 87552K, 43% used [0x0000000081400000,0x0000000083930168,0x0000000086980000)
 Metaspace       used 11246K, capacity 11415K, committed 11776K, reserved 1060864K
  class space    used 1116K, capacity 1186K, committed 1280K, reserved 1048576K
Event: 59.444 GC heap after
Heap after GC invocations=28 (full 0):
 PSYoungGen      total 43520K, used 512K [0x00000000d5c00000, 0x00000000d8f00000, 0x0000000100000000)
  eden space 36864K, 0% used [0x00000000d5c00000,0x00000000d5c00000,0x00000000d8000000)
  from space 6656K, 7% used [0x00000000d8880000,0x00000000d8900000,0x00000000d8f00000)
  to   space 7680K, 0% used [0x00000000d8000000,0x00000000d8000000,0x00000000d8780000)
 ParOldGen       total 87552K, used 38104K [0x0000000081400000, 0x0000000086980000, 0x00000000d5c00000)
  object space 87552K, 43% used [0x0000000081400000,0x0000000083936168,0x0000000086980000)
 Metaspace       used 11246K, capacity 11415K, committed 11776K, reserved 1060864K
  class space    used 1116K, capacity 1186K, committed 1280K, reserved 1048576K
}

