# JRE version: Java(TM) SE Runtime Environment (8.0_65-b17) (build 1.8.0_65-b17)
# Java VM: Java HotSpot(TM) 64-Bit Server VM (25.65-b01 mixed mode windows-amd64 compressed oops)
Heap:
 PSYoungGen      total 29184K, used 2918K [0x00000000d5c00000, 0x00000000d7d80000, 0x0000000100000000)
  eden space 24064K, 10% used [0x00000000d5c00000,0x00000000d5e59ba0,0x00000000d7380000)
  from space 5120K, 10% used [0x00000000d7380000,0x00000000d7400000,0x00000000d7880000)
  to   space 5120K, 0% used [0x00000000d7880000,0x00000000d7880000,0x00000000d7d80000)
 ParOldGen       total 87552K, used 30572K [0x0000000081400000, 0x0000000086980000, 0x00000000d5c00000)
  object space 87552K, 34% used [0x0000000081400000,0x00000000831db328,0x0000000086980000)
 Metaspace       used 10663K, capacity 10871K, committed 11264K, reserved 1058816K
  class space    used 1064K, capacity 1154K, committed 1280K, reserved 1048576K
GC Heap History (10 events):
Event: 30.492 GC heap before
{Heap before GC invocations=27 (full 0):
 PSYoungGen      total 30720K, used 24800K [0x00000000d5c00000, 0x00000000d8080000, 0x0000000100000000)
  eden space 24064K, 100% used [0x00000000d5c00000,0x00000000d7380000,0x00000000d7380000)
  from space 6656K, 11% used [0x00000000d7a00000,0x00000000d7ab8000,0x00000000d8080000)
  to   space 6656K, 0% used [0x00000000d7380000,0x00000000d7380000,0x00000000d7a00000)
 ParOldGen       total 87552K, used 28263K [0x0000000081400000, 0x0000000086980000, 0x00000000d5c00000)
  object space 87552K, 32% used [0x0000000081400000,0x0000000082f99f08,0x0000000086980000)
 Metaspace       used 10655K, capacity 10807K, committed 11008K, reserved 1058816K
  class space    used 1064K, capacity 1154K, committed 1280K, reserved 1048576K
Event: 30.494 GC heap after
Heap after GC invocations=27 (full 0):
 PSYoungGen      total 25088K, used 600K [0x00000000d5c00000, 0x00000000d7f80000, 0x0000000100000000)
  eden space 24064K, 0% used [0x00000000d5c00000,0x00000000d5c00000,0x00000000d7380000)
  from space 1024K, 58% used [0x00000000d7380000,0x00000000d7416010,0x00000000d7480000)
  to   space 6144K, 0% used [0x00000000d7980000,0x00000000d7980000,0x00000000d7f80000)
 ParOldGen       total 87552K, used 28711K [0x0000000081400000, 0x0000000086980000, 0x00000000d5c00000)
  object space 87552K, 32% used [0x0000000081400000,0x0000000083009f08,0x0000000086980000)
 Metaspace       used 10655K, capacity 10807K, committed 11008K, reserved 1058816K
  class space    used 1064K, capacity 1154K, committed 1280K, reserved 1048576K
}
Event: 31.347 GC heap before
{Heap before GC invocations=28 (full 0):
 PSYoungGen      total 25088K, used 24664K [0x00000000d5c00000, 0x00000000d7f80000, 0x0000000100000000)
  eden space 24064K, 100% used [0x00000000d5c00000,0x00000000d7380000,0x00000000d7380000)
  from space 1024K, 58% used [0x00000000d7380000,0x00000000d7416010,0x00000000d7480000)
  to   space 6144K, 0% used [0x00000000d7980000,0x00000000d7980000,0x00000000d7f80000)
 ParOldGen       total 87552K, used 28711K [0x0000000081400000, 0x0000000086980000, 0x00000000d5c00000)
  object space 87552K, 32% used [0x0000000081400000,0x0000000083009f08,0x0000000086980000)
 Metaspace       used 10655K, capacity 10807K, committed 11008K, reserved 1058816K
  class space    used 1064K, capacity 1154K, committed 1280K, reserved 1048576K
Event: 31.349 GC heap after
Heap after GC invocations=28 (full 0):
 PSYoungGen      total 29184K, used 800K [0x00000000d5c00000, 0x00000000d7e80000, 0x0000000100000000)
  eden space 24064K, 0% used [0x00000000d5c00000,0x00000000d5c00000,0x00000000d7380000)
  from space 5120K, 15% used [0x00000000d7980000,0x00000000d7a48000,0x00000000d7e80000)
  to   space 5632K, 0% used [0x00000000d7380000,0x00000000d7380000,0x00000000d7900000)
 ParOldGen       total 87552K, used 29191K [0x0000000081400000, 0x0000000086980000, 0x00000000d5c00000)
  object space 87552K, 33% used [0x0000000081400000,0x0000000083081f18,0x0000000086980000)
 Metaspace       used 10655K, capacity 10807K, committed 11008K, reserved 1058816K
  class space    used 1064K, capacity 1154K, committed 1280K, reserved 1048576K
}
Event: 32.229 GC heap before
{Heap before GC invocations=29 (full 0):
 PSYoungGen      total 29184K, used 24864K [0x00000000d5c00000, 0x00000000d7e80000, 0x0000000100000000)
  eden space 24064K, 100% used [0x00000000d5c00000,0x00000000d7380000,0x00000000d7380000)
  from space 5120K, 15% used [0x00000000d7980000,0x00000000d7a48000,0x00000000d7e80000)
  to   space 5632K, 0% used [0x00000000d7380000,0x00000000d7380000,0x00000000d7900000)
 ParOldGen       total 87552K, used 29191K [0x0000000081400000, 0x0000000086980000, 0x00000000d5c00000)
  object space 87552K, 33% used [0x0000000081400000,0x0000000083081f18,0x0000000086980000)
 Metaspace       used 10655K, capacity 10807K, committed 11008K, reserved 1058816K
  class space    used 1064K, capacity 1154K, committed 1280K, reserved 1048576K
Event: 32.231 GC heap after
Heap after GC invocations=29 (full 0):
 PSYoungGen      total 29696K, used 672K [0x00000000d5c00000, 0x00000000d7e80000, 0x0000000100000000)
  eden space 24064K, 0% used [0x00000000d5c00000,0x00000000d5c00000,0x00000000d7380000)
  from space 5632K, 11% used [0x00000000d7380000,0x00000000d7428000,0x00000000d7900000)
  to   space 5632K, 0% used [0x00000000d7900000,0x00000000d7900000,0x00000000d7e80000)
 ParOldGen       total 87552K, used 29647K [0x0000000081400000, 0x0000000086980000, 0x00000000d5c00000)
  object space 87552K, 33% used [0x0000000081400000,0x00000000830f3f18,0x0000000086980000)
 Metaspace       used 10655K, capacity 10807K, committed 11008K, reserved 1058816K
  class space    used 1064K, capacity 1154K, committed 1280K, reserved 1048576K
}
Event: 33.128 GC heap before
{Heap before GC invocations=30 (full 0):
 PSYoungGen      total 29696K, used 24736K [0x00000000d5c00000, 0x00000000d7e80000, 0x0000000100000000)
  eden space 24064K, 100% used [0x00000000d5c00000,0x00000000d7380000,0x00000000d7380000)
  from space 5632K, 11% used [0x00000000d7380000,0x00000000d7428000,0x00000000d7900000)
  to   space 5632K, 0% used [0x00000000d7900000,0x00000000d7900000,0x00000000d7e80000)
 ParOldGen       total 87552K, used 29647K [0x0000000081400000, 0x0000000086980000, 0x00000000d5c00000)
  object space 87552K, 33% used [0x0000000081400000,0x00000000830f3f18,0x0000000086980000)
 Metaspace       used 10662K, capacity 10871K, committed 11264K, reserved 1058816K
  class space    used 1064K, capacity 1154K, committed 1280K, reserved 1048576K
Event: 33.129 GC heap after
Heap after GC invocations=30 (full 0):
 PSYoungGen      total 28672K, used 640K [0x00000000d5c00000, 0x00000000d7d80000, 0x0000000100000000)
  eden space 24064K, 0% used [0x00000000d5c00000,0x00000000d5c00000,0x00000000d7380000)
  from space 4608K, 13% used [0x00000000d7900000,0x00000000d79a0000,0x00000000d7d80000)
  to   space 5120K, 0% used [0x00000000d7380000,0x00000000d7380000,0x00000000d7880000)
 ParOldGen       total 87552K, used 30111K [0x0000000081400000, 0x0000000086980000, 0x00000000d5c00000)
  object space 87552K, 34% used [0x0000000081400000,0x0000000083167f18,0x0000000086980000)
 Metaspace       used 10662K, capacity 10871K, committed 11264K, reserved 1058816K
  class space    used 1064K, capacity 1154K, committed 1280K, reserved 1048576K
}
Event: 34.229 GC heap before
{Heap before GC invocations=31 (full 0):
 PSYoungGen      total 28672K, used 24704K [0x00000000d5c00000, 0x00000000d7d80000, 0x0000000100000000)
  eden space 24064K, 100% used [0x00000000d5c00000,0x00000000d7380000,0x00000000d7380000)
  from space 4608K, 13% used [0x00000000d7900000,0x00000000d79a0000,0x00000000d7d80000)
  to   space 5120K, 0% used [0x00000000d7380000,0x00000000d7380000,0x00000000d7880000)
 ParOldGen       total 87552K, used 30111K [0x0000000081400000, 0x0000000086980000, 0x00000000d5c00000)
  object space 87552K, 34% used [0x0000000081400000,0x0000000083167f18,0x0000000086980000)
 Metaspace       used 10662K, capacity 10871K, committed 11264K, reserved 1058816K
  class space    used 1064K, capacity 1154K, committed 1280K, reserved 1048576K
Event: 34.231 GC heap after
Heap after GC invocations=31 (full 0):
 PSYoungGen      total 29184K, used 512K [0x00000000d5c00000, 0x00000000d7d80000, 0x0000000100000000)
  eden space 24064K, 0% used [0x00000000d5c00000,0x00000000d5c00000,0x00000000d7380000)
  from space 5120K, 10% used [0x00000000d7380000,0x00000000d7400000,0x00000000d7880000)
  to   space 5120K, 0% used [0x00000000d7880000,0x00000000d7880000,0x00000000d7d80000)
 ParOldGen       total 87552K, used 30572K [0x0000000081400000, 0x0000000086980000, 0x00000000d5c00000)
  object space 87552K, 34% used [0x0000000081400000,0x00000000831db328,0x0000000086980000)
 Metaspace       used 10662K, capacity 10871K, committed 11264K, reserved 1058816K
  class space    used 1064K, capacity 1154K, committed 1280K, reserved 1048576K
}

