# JRE version: Java(TM) SE Runtime Environment (8.0_65-b17) (build 1.8.0_65-b17)
# Java VM: Java HotSpot(TM) 64-Bit Server VM (25.65-b01 mixed mode windows-amd64 compressed oops)
Heap:
 PSYoungGen      total 28672K, used 1956K [0x00000000d5c00000, 0x00000000d7c80000, 0x0000000100000000)
  eden space 24064K, 6% used [0x00000000d5c00000,0x00000000d5d69380,0x00000000d7380000)
  from space 4608K, 11% used [0x00000000d7380000,0x00000000d7400000,0x00000000d7800000)
  to   space 4608K, 0% used [0x00000000d7800000,0x00000000d7800000,0x00000000d7c80000)
 ParOldGen       total 87552K, used 26527K [0x0000000081400000, 0x0000000086980000, 0x00000000d5c00000)
  object space 87552K, 30% used [0x0000000081400000,0x0000000082de7fd8,0x0000000086980000)
 Metaspace       used 10651K, capacity 10871K, committed 11264K, reserved 1058816K
  class space    used 1064K, capacity 1154K, committed 1280K, reserved 1048576K
GC Heap History (10 events):
Event: 30.106 GC heap before
{Heap before GC invocations=27 (full 0):
 PSYoungGen      total 30208K, used 24768K [0x00000000d5c00000, 0x00000000d7f80000, 0x0000000100000000)
  eden space 24064K, 100% used [0x00000000d5c00000,0x00000000d7380000,0x00000000d7380000)
  from space 6144K, 11% used [0x00000000d7980000,0x00000000d7a30000,0x00000000d7f80000)
  to   space 6144K, 0% used [0x00000000d7380000,0x00000000d7380000,0x00000000d7980000)
 ParOldGen       total 87552K, used 24090K [0x0000000081400000, 0x0000000086980000, 0x00000000d5c00000)
  object space 87552K, 27% used [0x0000000081400000,0x0000000082b86bb8,0x0000000086980000)
 Metaspace       used 10643K, capacity 10807K, committed 11008K, reserved 1058816K
  class space    used 1064K, capacity 1154K, committed 1280K, reserved 1048576K
Event: 30.108 GC heap after
Heap after GC invocations=27 (full 0):
 PSYoungGen      total 25088K, used 728K [0x00000000d5c00000, 0x00000000d7e80000, 0x0000000100000000)
  eden space 24064K, 0% used [0x00000000d5c00000,0x00000000d5c00000,0x00000000d7380000)
  from space 1024K, 71% used [0x00000000d7380000,0x00000000d7436010,0x00000000d7480000)
  to   space 5632K, 0% used [0x00000000d7900000,0x00000000d7900000,0x00000000d7e80000)
 ParOldGen       total 87552K, used 24682K [0x0000000081400000, 0x0000000086980000, 0x00000000d5c00000)
  object space 87552K, 28% used [0x0000000081400000,0x0000000082c1abb8,0x0000000086980000)
 Metaspace       used 10643K, capacity 10807K, committed 11008K, reserved 1058816K
  class space    used 1064K, capacity 1154K, committed 1280K, reserved 1048576K
}
Event: 31.094 GC heap before
{Heap before GC invocations=28 (full 0):
 PSYoungGen      total 25088K, used 24792K [0x00000000d5c00000, 0x00000000d7e80000, 0x0000000100000000)
  eden space 24064K, 100% used [0x00000000d5c00000,0x00000000d7380000,0x00000000d7380000)
  from space 1024K, 71% used [0x00000000d7380000,0x00000000d7436010,0x00000000d7480000)
  to   space 5632K, 0% used [0x00000000d7900000,0x00000000d7900000,0x00000000d7e80000)
 ParOldGen       total 87552K, used 24682K [0x0000000081400000, 0x0000000086980000, 0x00000000d5c00000)
  object space 87552K, 28% used [0x0000000081400000,0x0000000082c1abb8,0x0000000086980000)
 Metaspace       used 10643K, capacity 10807K, committed 11008K, reserved 1058816K
  class space    used 1064K, capacity 1154K, committed 1280K, reserved 1048576K
Event: 31.096 GC heap after
Heap after GC invocations=28 (full 0):
 PSYoungGen      total 28672K, used 608K [0x00000000d5c00000, 0x00000000d7d80000, 0x0000000100000000)
  eden space 24064K, 0% used [0x00000000d5c00000,0x00000000d5c00000,0x00000000d7380000)
  from space 4608K, 13% used [0x00000000d7900000,0x00000000d7998000,0x00000000d7d80000)
  to   space 5120K, 0% used [0x00000000d7380000,0x00000000d7380000,0x00000000d7880000)
 ParOldGen       total 87552K, used 25154K [0x0000000081400000, 0x0000000086980000, 0x00000000d5c00000)
  object space 87552K, 28% used [0x0000000081400000,0x0000000082c90bc8,0x0000000086980000)
 Metaspace       used 10643K, capacity 10807K, committed 11008K, reserved 1058816K
  class space    used 1064K, capacity 1154K, committed 1280K, reserved 1048576K
}
Event: 31.972 GC heap before
{Heap before GC invocations=29 (full 0):
 PSYoungGen      total 28672K, used 24672K [0x00000000d5c00000, 0x00000000d7d80000, 0x0000000100000000)
  eden space 24064K, 100% used [0x00000000d5c00000,0x00000000d7380000,0x00000000d7380000)
  from space 4608K, 13% used [0x00000000d7900000,0x00000000d7998000,0x00000000d7d80000)
  to   space 5120K, 0% used [0x00000000d7380000,0x00000000d7380000,0x00000000d7880000)
 ParOldGen       total 87552K, used 25154K [0x0000000081400000, 0x0000000086980000, 0x00000000d5c00000)
  object space 87552K, 28% used [0x0000000081400000,0x0000000082c90bc8,0x0000000086980000)
 Metaspace       used 10643K, capacity 10807K, committed 11008K, reserved 1058816K
  class space    used 1064K, capacity 1154K, committed 1280K, reserved 1048576K
Event: 31.973 GC heap after
Heap after GC invocations=29 (full 0):
 PSYoungGen      total 29184K, used 768K [0x00000000d5c00000, 0x00000000d7d80000, 0x0000000100000000)
  eden space 24064K, 0% used [0x00000000d5c00000,0x00000000d5c00000,0x00000000d7380000)
  from space 5120K, 15% used [0x00000000d7380000,0x00000000d7440000,0x00000000d7880000)
  to   space 5120K, 0% used [0x00000000d7880000,0x00000000d7880000,0x00000000d7d80000)
 ParOldGen       total 87552K, used 25610K [0x0000000081400000, 0x0000000086980000, 0x00000000d5c00000)
  object space 87552K, 29% used [0x0000000081400000,0x0000000082d02bc8,0x0000000086980000)
 Metaspace       used 10643K, capacity 10807K, committed 11008K, reserved 1058816K
  class space    used 1064K, capacity 1154K, committed 1280K, reserved 1048576K
}
Event: 32.886 GC heap before
{Heap before GC invocations=30 (full 0):
 PSYoungGen      total 29184K, used 24832K [0x00000000d5c00000, 0x00000000d7d80000, 0x0000000100000000)
  eden space 24064K, 100% used [0x00000000d5c00000,0x00000000d7380000,0x00000000d7380000)
  from space 5120K, 15% used [0x00000000d7380000,0x00000000d7440000,0x00000000d7880000)
  to   space 5120K, 0% used [0x00000000d7880000,0x00000000d7880000,0x00000000d7d80000)
 ParOldGen       total 87552K, used 25610K [0x0000000081400000, 0x0000000086980000, 0x00000000d5c00000)
  object space 87552K, 29% used [0x0000000081400000,0x0000000082d02bc8,0x0000000086980000)
 Metaspace       used 10651K, capacity 10871K, committed 11264K, reserved 1058816K
  class space    used 1064K, capacity 1154K, committed 1280K, reserved 1048576K
Event: 32.887 GC heap after
Heap after GC invocations=30 (full 0):
 PSYoungGen      total 28160K, used 736K [0x00000000d5c00000, 0x00000000d7c80000, 0x0000000100000000)
  eden space 24064K, 0% used [0x00000000d5c00000,0x00000000d5c00000,0x00000000d7380000)
  from space 4096K, 17% used [0x00000000d7880000,0x00000000d7938000,0x00000000d7c80000)
  to   space 4608K, 0% used [0x00000000d7380000,0x00000000d7380000,0x00000000d7800000)
 ParOldGen       total 87552K, used 26058K [0x0000000081400000, 0x0000000086980000, 0x00000000d5c00000)
  object space 87552K, 29% used [0x0000000081400000,0x0000000082d72bc8,0x0000000086980000)
 Metaspace       used 10651K, capacity 10871K, committed 11264K, reserved 1058816K
  class space    used 1064K, capacity 1154K, committed 1280K, reserved 1048576K
}
Event: 34.892 GC heap before
{Heap before GC invocations=31 (full 0):
 PSYoungGen      total 28160K, used 24800K [0x00000000d5c00000, 0x00000000d7c80000, 0x0000000100000000)
  eden space 24064K, 100% used [0x00000000d5c00000,0x00000000d7380000,0x00000000d7380000)
  from space 4096K, 17% used [0x00000000d7880000,0x00000000d7938000,0x00000000d7c80000)
  to   space 4608K, 0% used [0x00000000d7380000,0x00000000d7380000,0x00000000d7800000)
 ParOldGen       total 87552K, used 26058K [0x0000000081400000, 0x0000000086980000, 0x00000000d5c00000)
  object space 87552K, 29% used [0x0000000081400000,0x0000000082d72bc8,0x0000000086980000)
 Metaspace       used 10651K, capacity 10871K, committed 11264K, reserved 1058816K
  class space    used 1064K, capacity 1154K, committed 1280K, reserved 1048576K
Event: 34.894 GC heap after
Heap after GC invocations=31 (full 0):
 PSYoungGen      total 28672K, used 512K [0x00000000d5c00000, 0x00000000d7c80000, 0x0000000100000000)
  eden space 24064K, 0% used [0x00000000d5c00000,0x00000000d5c00000,0x00000000d7380000)
  from space 4608K, 11% used [0x00000000d7380000,0x00000000d7400000,0x00000000d7800000)
  to   space 4608K, 0% used [0x00000000d7800000,0x00000000d7800000,0x00000000d7c80000)
 ParOldGen       total 87552K, used 26527K [0x0000000081400000, 0x0000000086980000, 0x00000000d5c00000)
  object space 87552K, 30% used [0x0000000081400000,0x0000000082de7fd8,0x0000000086980000)
 Metaspace       used 10651K, capacity 10871K, committed 11264K, reserved 1058816K
  class space    used 1064K, capacity 1154K, committed 1280K, reserved 1048576K
}

