# JRE version: Java(TM) SE Runtime Environment (8.0_65-b17) (build 1.8.0_65-b17)
# Java VM: Java HotSpot(TM) 64-Bit Server VM (25.65-b01 mixed mode windows-amd64 compressed oops)
Heap:
 PSYoungGen      total 50688K, used 7028K [0x00000000d5c00000, 0x00000000da800000, 0x0000000100000000)
  eden space 49152K, 12% used [0x00000000d5c00000,0x00000000d61c51c0,0x00000000d8c00000)
  from space 1536K, 72% used [0x00000000d8d00000,0x00000000d8e18000,0x00000000d8e80000)
  to   space 14336K, 0% used [0x00000000d9a00000,0x00000000d9a00000,0x00000000da800000)
 ParOldGen       total 87552K, used 33758K [0x0000000081400000, 0x0000000086980000, 0x00000000d5c00000)
  object space 87552K, 38% used [0x0000000081400000,0x00000000834f7ac0,0x0000000086980000)
 Metaspace       used 10649K, capacity 10871K, committed 11264K, reserved 1058816K
  class space    used 1064K, capacity 1154K, committed 1280K, reserved 1048576K
GC Heap History (10 events):
Event: 25.326 GC heap before
{Heap before GC invocations=11 (full 0):
 PSYoungGen      total 70656K, used 58624K [0x00000000d5c00000, 0x00000000db200000, 0x0000000100000000)
  eden space 56320K, 100% used [0x00000000d5c00000,0x00000000d9300000,0x00000000d9300000)
  from space 14336K, 16% used [0x00000000da400000,0x00000000da640000,0x00000000db200000)
  to   space 15872K, 0% used [0x00000000d9300000,0x00000000d9300000,0x00000000da280000)
 ParOldGen       total 87552K, used 27542K [0x0000000081400000, 0x0000000086980000, 0x00000000d5c00000)
  object space 87552K, 31% used [0x0000000081400000,0x0000000082ee5ab0,0x0000000086980000)
 Metaspace       used 10586K, capacity 10799K, committed 11008K, reserved 1058816K
  class space    used 1064K, capacity 1154K, committed 1280K, reserved 1048576K
Event: 25.330 GC heap after
Heap after GC invocations=11 (full 0):
 PSYoungGen      total 56320K, used 1408K [0x00000000d5c00000, 0x00000000db080000, 0x0000000100000000)
  eden space 54784K, 0% used [0x00000000d5c00000,0x00000000d5c00000,0x00000000d9180000)
  from space 1536K, 91% used [0x00000000d9300000,0x00000000d9460000,0x00000000d9480000)
  to   space 15872K, 0% used [0x00000000da100000,0x00000000da100000,0x00000000db080000)
 ParOldGen       total 87552K, used 29694K [0x0000000081400000, 0x0000000086980000, 0x00000000d5c00000)
  object space 87552K, 33% used [0x0000000081400000,0x00000000830ffab0,0x0000000086980000)
 Metaspace       used 10586K, capacity 10799K, committed 11008K, reserved 1058816K
  class space    used 1064K, capacity 1154K, committed 1280K, reserved 1048576K
}
Event: 27.481 GC heap before
{Heap before GC invocations=12 (full 0):
 PSYoungGen      total 56320K, used 56192K [0x00000000d5c00000, 0x00000000db080000, 0x0000000100000000)
  eden space 54784K, 100% used [0x00000000d5c00000,0x00000000d9180000,0x00000000d9180000)
  from space 1536K, 91% used [0x00000000d9300000,0x00000000d9460000,0x00000000d9480000)
  to   space 15872K, 0% used [0x00000000da100000,0x00000000da100000,0x00000000db080000)
 ParOldGen       total 87552K, used 29694K [0x0000000081400000, 0x0000000086980000, 0x00000000d5c00000)
  object space 87552K, 33% used [0x0000000081400000,0x00000000830ffab0,0x0000000086980000)
 Metaspace       used 10643K, capacity 10807K, committed 11008K, reserved 1058816K
  class space    used 1064K, capacity 1154K, committed 1280K, reserved 1048576K
Event: 27.484 GC heap after
Heap after GC invocations=12 (full 0):
 PSYoungGen      total 66560K, used 1152K [0x00000000d5c00000, 0x00000000dae00000, 0x0000000100000000)
  eden space 53248K, 0% used [0x00000000d5c00000,0x00000000d5c00000,0x00000000d9000000)
  from space 13312K, 8% used [0x00000000da100000,0x00000000da220000,0x00000000dae00000)
  to   space 15360K, 0% used [0x00000000d9000000,0x00000000d9000000,0x00000000d9f00000)
 ParOldGen       total 87552K, used 30734K [0x0000000081400000, 0x0000000086980000, 0x00000000d5c00000)
  object space 87552K, 35% used [0x0000000081400000,0x0000000083203ab0,0x0000000086980000)
 Metaspace       used 10643K, capacity 10807K, committed 11008K, reserved 1058816K
  class space    used 1064K, capacity 1154K, committed 1280K, reserved 1048576K
}
Event: 29.562 GC heap before
{Heap before GC invocations=13 (full 0):
 PSYoungGen      total 66560K, used 54400K [0x00000000d5c00000, 0x00000000dae00000, 0x0000000100000000)
  eden space 53248K, 100% used [0x00000000d5c00000,0x00000000d9000000,0x00000000d9000000)
  from space 13312K, 8% used [0x00000000da100000,0x00000000da220000,0x00000000dae00000)
  to   space 15360K, 0% used [0x00000000d9000000,0x00000000d9000000,0x00000000d9f00000)
 ParOldGen       total 87552K, used 30734K [0x0000000081400000, 0x0000000086980000, 0x00000000d5c00000)
  object space 87552K, 35% used [0x0000000081400000,0x0000000083203ab0,0x0000000086980000)
 Metaspace       used 10643K, capacity 10807K, committed 11008K, reserved 1058816K
  class space    used 1064K, capacity 1154K, committed 1280K, reserved 1048576K
Event: 29.564 GC heap after
Heap after GC invocations=13 (full 0):
 PSYoungGen      total 53248K, used 1152K [0x00000000d5c00000, 0x00000000dac80000, 0x0000000100000000)
  eden space 51712K, 0% used [0x00000000d5c00000,0x00000000d5c00000,0x00000000d8e80000)
  from space 1536K, 75% used [0x00000000d9000000,0x00000000d9120000,0x00000000d9180000)
  to   space 15360K, 0% used [0x00000000d9d80000,0x00000000d9d80000,0x00000000dac80000)
 ParOldGen       total 87552K, used 31782K [0x0000000081400000, 0x0000000086980000, 0x00000000d5c00000)
  object space 87552K, 36% used [0x0000000081400000,0x0000000083309ab0,0x0000000086980000)
 Metaspace       used 10643K, capacity 10807K, committed 11008K, reserved 1058816K
  class space    used 1064K, capacity 1154K, committed 1280K, reserved 1048576K
}
Event: 31.515 GC heap before
{Heap before GC invocations=14 (full 0):
 PSYoungGen      total 53248K, used 52864K [0x00000000d5c00000, 0x00000000dac80000, 0x0000000100000000)
  eden space 51712K, 100% used [0x00000000d5c00000,0x00000000d8e80000,0x00000000d8e80000)
  from space 1536K, 75% used [0x00000000d9000000,0x00000000d9120000,0x00000000d9180000)
  to   space 15360K, 0% used [0x00000000d9d80000,0x00000000d9d80000,0x00000000dac80000)
 ParOldGen       total 87552K, used 31782K [0x0000000081400000, 0x0000000086980000, 0x00000000d5c00000)
  object space 87552K, 36% used [0x0000000081400000,0x0000000083309ab0,0x0000000086980000)
 Metaspace       used 10643K, capacity 10807K, committed 11008K, reserved 1058816K
  class space    used 1064K, capacity 1154K, committed 1280K, reserved 1048576K
Event: 31.518 GC heap after
Heap after GC invocations=14 (full 0):
 PSYoungGen      total 62976K, used 1304K [0x00000000d5c00000, 0x00000000daa00000, 0x0000000100000000)
  eden space 50176K, 0% used [0x00000000d5c00000,0x00000000d5c00000,0x00000000d8d00000)
  from space 12800K, 10% used [0x00000000d9d80000,0x00000000d9ec6010,0x00000000daa00000)
  to   space 14848K, 0% used [0x00000000d8d00000,0x00000000d8d00000,0x00000000d9b80000)
 ParOldGen       total 87552K, used 32774K [0x0000000081400000, 0x0000000086980000, 0x00000000d5c00000)
  object space 87552K, 37% used [0x0000000081400000,0x0000000083401ab0,0x0000000086980000)
 Metaspace       used 10643K, capacity 10807K, committed 11008K, reserved 1058816K
  class space    used 1064K, capacity 1154K, committed 1280K, reserved 1048576K
}
Event: 33.526 GC heap before
{Heap before GC invocations=15 (full 0):
 PSYoungGen      total 62976K, used 51480K [0x00000000d5c00000, 0x00000000daa00000, 0x0000000100000000)
  eden space 50176K, 100% used [0x00000000d5c00000,0x00000000d8d00000,0x00000000d8d00000)
  from space 12800K, 10% used [0x00000000d9d80000,0x00000000d9ec6010,0x00000000daa00000)
  to   space 14848K, 0% used [0x00000000d8d00000,0x00000000d8d00000,0x00000000d9b80000)
 ParOldGen       total 87552K, used 32774K [0x0000000081400000, 0x0000000086980000, 0x00000000d5c00000)
  object space 87552K, 37% used [0x0000000081400000,0x0000000083401ab0,0x0000000086980000)
 Metaspace       used 10649K, capacity 10871K, committed 11264K, reserved 1058816K
  class space    used 1064K, capacity 1154K, committed 1280K, reserved 1048576K
Event: 33.528 GC heap after
Heap after GC invocations=15 (full 0):
 PSYoungGen      total 50688K, used 1120K [0x00000000d5c00000, 0x00000000da800000, 0x0000000100000000)
  eden space 49152K, 0% used [0x00000000d5c00000,0x00000000d5c00000,0x00000000d8c00000)
  from space 1536K, 72% used [0x00000000d8d00000,0x00000000d8e18000,0x00000000d8e80000)
  to   space 14336K, 0% used [0x00000000d9a00000,0x00000000d9a00000,0x00000000da800000)
 ParOldGen       total 87552K, used 33758K [0x0000000081400000, 0x0000000086980000, 0x00000000d5c00000)
  object space 87552K, 38% used [0x0000000081400000,0x00000000834f7ac0,0x0000000086980000)
 Metaspace       used 10649K, capacity 10871K, committed 11264K, reserved 1058816K
  class space    used 1064K, capacity 1154K, committed 1280K, reserved 1048576K
}

