# JRE version: Java(TM) SE Runtime Environment (8.0_65-b17) (build 1.8.0_65-b17)
# Java VM: Java HotSpot(TM) 64-Bit Server VM (25.65-b01 mixed mode windows-amd64 compressed oops)
Heap:
 PSYoungGen      total 26624K, used 2438K [0x00000000d5c00000, 0x00000000d7880000, 0x0000000100000000)
  eden space 24064K, 8% used [0x00000000d5c00000,0x00000000d5de1870,0x00000000d7380000)
  from space 2560K, 20% used [0x00000000d7600000,0x00000000d7680000,0x00000000d7880000)
  to   space 2560K, 0% used [0x00000000d7380000,0x00000000d7380000,0x00000000d7600000)
 ParOldGen       total 87552K, used 32684K [0x0000000081400000, 0x0000000086980000, 0x00000000d5c00000)
  object space 87552K, 37% used [0x0000000081400000,0x00000000833eb308,0x0000000086980000)
 Metaspace       used 10658K, capacity 10871K, committed 11264K, reserved 1058816K
  class space    used 1064K, capacity 1154K, committed 1280K, reserved 1048576K
GC Heap History (10 events):
Event: 39.540 GC heap before
{Heap before GC invocations=38 (full 0):
 PSYoungGen      total 25088K, used 24608K [0x00000000d5c00000, 0x00000000d7980000, 0x0000000100000000)
  eden space 24064K, 100% used [0x00000000d5c00000,0x00000000d7380000,0x00000000d7380000)
  from space 1024K, 53% used [0x00000000d7380000,0x00000000d7408000,0x00000000d7480000)
  to   space 3072K, 0% used [0x00000000d7680000,0x00000000d7680000,0x00000000d7980000)
 ParOldGen       total 87552K, used 30172K [0x0000000081400000, 0x0000000086980000, 0x00000000d5c00000)
  object space 87552K, 34% used [0x0000000081400000,0x0000000083177308,0x0000000086980000)
 Metaspace       used 10644K, capacity 10871K, committed 11264K, reserved 1058816K
  class space    used 1063K, capacity 1154K, committed 1280K, reserved 1048576K
Event: 39.541 GC heap after
Heap after GC invocations=38 (full 0):
 PSYoungGen      total 27136K, used 992K [0x00000000d5c00000, 0x00000000d7980000, 0x0000000100000000)
  eden space 24064K, 0% used [0x00000000d5c00000,0x00000000d5c00000,0x00000000d7380000)
  from space 3072K, 32% used [0x00000000d7680000,0x00000000d7778000,0x00000000d7980000)
  to   space 3072K, 0% used [0x00000000d7380000,0x00000000d7380000,0x00000000d7680000)
 ParOldGen       total 87552K, used 30628K [0x0000000081400000, 0x0000000086980000, 0x00000000d5c00000)
  object space 87552K, 34% used [0x0000000081400000,0x00000000831e9308,0x0000000086980000)
 Metaspace       used 10644K, capacity 10871K, committed 11264K, reserved 1058816K
  class space    used 1063K, capacity 1154K, committed 1280K, reserved 1048576K
}
Event: 40.450 GC heap before
{Heap before GC invocations=39 (full 0):
 PSYoungGen      total 27136K, used 25056K [0x00000000d5c00000, 0x00000000d7980000, 0x0000000100000000)
  eden space 24064K, 100% used [0x00000000d5c00000,0x00000000d7380000,0x00000000d7380000)
  from space 3072K, 32% used [0x00000000d7680000,0x00000000d7778000,0x00000000d7980000)
  to   space 3072K, 0% used [0x00000000d7380000,0x00000000d7380000,0x00000000d7680000)
 ParOldGen       total 87552K, used 30628K [0x0000000081400000, 0x0000000086980000, 0x00000000d5c00000)
  object space 87552K, 34% used [0x0000000081400000,0x00000000831e9308,0x0000000086980000)
 Metaspace       used 10644K, capacity 10871K, committed 11264K, reserved 1058816K
  class space    used 1063K, capacity 1154K, committed 1280K, reserved 1048576K
Event: 40.452 GC heap after
Heap after GC invocations=39 (full 0):
 PSYoungGen      total 27136K, used 768K [0x00000000d5c00000, 0x00000000d7980000, 0x0000000100000000)
  eden space 24064K, 0% used [0x00000000d5c00000,0x00000000d5c00000,0x00000000d7380000)
  from space 3072K, 25% used [0x00000000d7380000,0x00000000d7440000,0x00000000d7680000)
  to   space 3072K, 0% used [0x00000000d7680000,0x00000000d7680000,0x00000000d7980000)
 ParOldGen       total 87552K, used 31268K [0x0000000081400000, 0x0000000086980000, 0x00000000d5c00000)
  object space 87552K, 35% used [0x0000000081400000,0x0000000083289308,0x0000000086980000)
 Metaspace       used 10644K, capacity 10871K, committed 11264K, reserved 1058816K
  class space    used 1063K, capacity 1154K, committed 1280K, reserved 1048576K
}
Event: 41.338 GC heap before
{Heap before GC invocations=40 (full 0):
 PSYoungGen      total 27136K, used 24832K [0x00000000d5c00000, 0x00000000d7980000, 0x0000000100000000)
  eden space 24064K, 100% used [0x00000000d5c00000,0x00000000d7380000,0x00000000d7380000)
  from space 3072K, 25% used [0x00000000d7380000,0x00000000d7440000,0x00000000d7680000)
  to   space 3072K, 0% used [0x00000000d7680000,0x00000000d7680000,0x00000000d7980000)
 ParOldGen       total 87552K, used 31268K [0x0000000081400000, 0x0000000086980000, 0x00000000d5c00000)
  object space 87552K, 35% used [0x0000000081400000,0x0000000083289308,0x0000000086980000)
 Metaspace       used 10644K, capacity 10871K, committed 11264K, reserved 1058816K
  class space    used 1063K, capacity 1154K, committed 1280K, reserved 1048576K
Event: 41.339 GC heap after
Heap after GC invocations=40 (full 0):
 PSYoungGen      total 26112K, used 736K [0x00000000d5c00000, 0x00000000d7880000, 0x0000000100000000)
  eden space 24064K, 0% used [0x00000000d5c00000,0x00000000d5c00000,0x00000000d7380000)
  from space 2048K, 35% used [0x00000000d7680000,0x00000000d7738000,0x00000000d7880000)
  to   space 2560K, 0% used [0x00000000d7380000,0x00000000d7380000,0x00000000d7600000)
 ParOldGen       total 87552K, used 31756K [0x0000000081400000, 0x0000000086980000, 0x00000000d5c00000)
  object space 87552K, 36% used [0x0000000081400000,0x0000000083303308,0x0000000086980000)
 Metaspace       used 10644K, capacity 10871K, committed 11264K, reserved 1058816K
  class space    used 1063K, capacity 1154K, committed 1280K, reserved 1048576K
}
Event: 42.228 GC heap before
{Heap before GC invocations=41 (full 0):
 PSYoungGen      total 26112K, used 24800K [0x00000000d5c00000, 0x00000000d7880000, 0x0000000100000000)
  eden space 24064K, 100% used [0x00000000d5c00000,0x00000000d7380000,0x00000000d7380000)
  from space 2048K, 35% used [0x00000000d7680000,0x00000000d7738000,0x00000000d7880000)
  to   space 2560K, 0% used [0x00000000d7380000,0x00000000d7380000,0x00000000d7600000)
 ParOldGen       total 87552K, used 31756K [0x0000000081400000, 0x0000000086980000, 0x00000000d5c00000)
  object space 87552K, 36% used [0x0000000081400000,0x0000000083303308,0x0000000086980000)
 Metaspace       used 10644K, capacity 10871K, committed 11264K, reserved 1058816K
  class space    used 1063K, capacity 1154K, committed 1280K, reserved 1048576K
Event: 42.229 GC heap after
Heap after GC invocations=41 (full 0):
 PSYoungGen      total 26624K, used 736K [0x00000000d5c00000, 0x00000000d7880000, 0x0000000100000000)
  eden space 24064K, 0% used [0x00000000d5c00000,0x00000000d5c00000,0x00000000d7380000)
  from space 2560K, 28% used [0x00000000d7380000,0x00000000d7438000,0x00000000d7600000)
  to   space 2560K, 0% used [0x00000000d7600000,0x00000000d7600000,0x00000000d7880000)
 ParOldGen       total 87552K, used 32220K [0x0000000081400000, 0x0000000086980000, 0x00000000d5c00000)
  object space 87552K, 36% used [0x0000000081400000,0x0000000083377308,0x0000000086980000)
 Metaspace       used 10644K, capacity 10871K, committed 11264K, reserved 1058816K
  class space    used 1063K, capacity 1154K, committed 1280K, reserved 1048576K
}
Event: 45.903 GC heap before
{Heap before GC invocations=42 (full 0):
 PSYoungGen      total 26624K, used 24800K [0x00000000d5c00000, 0x00000000d7880000, 0x0000000100000000)
  eden space 24064K, 100% used [0x00000000d5c00000,0x00000000d7380000,0x00000000d7380000)
  from space 2560K, 28% used [0x00000000d7380000,0x00000000d7438000,0x00000000d7600000)
  to   space 2560K, 0% used [0x00000000d7600000,0x00000000d7600000,0x00000000d7880000)
 ParOldGen       total 87552K, used 32220K [0x0000000081400000, 0x0000000086980000, 0x00000000d5c00000)
  object space 87552K, 36% used [0x0000000081400000,0x0000000083377308,0x0000000086980000)
 Metaspace       used 10657K, capacity 10871K, committed 11264K, reserved 1058816K
  class space    used 1064K, capacity 1154K, committed 1280K, reserved 1048576K
Event: 45.905 GC heap after
Heap after GC invocations=42 (full 0):
 PSYoungGen      total 26624K, used 512K [0x00000000d5c00000, 0x00000000d7880000, 0x0000000100000000)
  eden space 24064K, 0% used [0x00000000d5c00000,0x00000000d5c00000,0x00000000d7380000)
  from space 2560K, 20% used [0x00000000d7600000,0x00000000d7680000,0x00000000d7880000)
  to   space 2560K, 0% used [0x00000000d7380000,0x00000000d7380000,0x00000000d7600000)
 ParOldGen       total 87552K, used 32684K [0x0000000081400000, 0x0000000086980000, 0x00000000d5c00000)
  object space 87552K, 37% used [0x0000000081400000,0x00000000833eb308,0x0000000086980000)
 Metaspace       used 10657K, capacity 10871K, committed 11264K, reserved 1058816K
  class space    used 1064K, capacity 1154K, committed 1280K, reserved 1048576K
}

